[debug] [2025-11-17T05:25:58.430Z] ----------------------------------------------------------------------
[debug] [2025-11-17T05:25:58.434Z] Command:       C:\Program Files\nodejs\node.exe C:\Program Files\nodejs\node_modules\firebase-tools\lib\bin\firebase.js deploy
[debug] [2025-11-17T05:25:58.435Z] CLI Version:   14.25.0
[debug] [2025-11-17T05:25:58.435Z] Platform:      win32
[debug] [2025-11-17T05:25:58.435Z] Node Version:  v20.19.0
[debug] [2025-11-17T05:25:58.435Z] Time:          Mon Nov 17 2025 00:25:58 GMT-0500 (hora est치ndar de Colombia)
[debug] [2025-11-17T05:25:58.435Z] ----------------------------------------------------------------------
[debug] 
[debug] [2025-11-17T05:25:58.853Z] > command requires scopes: ["email","openid","https://www.googleapis.com/auth/cloudplatformprojects.readonly","https://www.googleapis.com/auth/firebase","https://www.googleapis.com/auth/cloud-platform"]
[debug] [2025-11-17T05:25:58.854Z] > authorizing via signed-in user (kyepez403@gmail.com)
[debug] [2025-11-17T05:25:58.854Z] [iam] checking project gestion-de-practicas-9b116 for permissions ["firebase.projects.get","firebasehosting.sites.update"]
[debug] [2025-11-17T05:25:58.857Z] Checked if tokens are valid: true, expires at: 1763360649702
[debug] [2025-11-17T05:25:58.858Z] Checked if tokens are valid: true, expires at: 1763360649702
[debug] [2025-11-17T05:25:58.861Z] >>> [apiv2][query] POST https://cloudresourcemanager.googleapis.com/v1/projects/gestion-de-practicas-9b116:testIamPermissions [none]
[debug] [2025-11-17T05:25:58.861Z] >>> [apiv2][(partial)header] POST https://cloudresourcemanager.googleapis.com/v1/projects/gestion-de-practicas-9b116:testIamPermissions x-goog-quota-user=projects/gestion-de-practicas-9b116
[debug] [2025-11-17T05:25:58.861Z] >>> [apiv2][body] POST https://cloudresourcemanager.googleapis.com/v1/projects/gestion-de-practicas-9b116:testIamPermissions {"permissions":["firebase.projects.get","firebasehosting.sites.update"]}
[debug] [2025-11-17T05:25:59.567Z] <<< [apiv2][status] POST https://cloudresourcemanager.googleapis.com/v1/projects/gestion-de-practicas-9b116:testIamPermissions 200
[debug] [2025-11-17T05:25:59.568Z] <<< [apiv2][body] POST https://cloudresourcemanager.googleapis.com/v1/projects/gestion-de-practicas-9b116:testIamPermissions {"permissions":["firebase.projects.get","firebasehosting.sites.update"]}
[debug] [2025-11-17T05:25:59.570Z] Checked if tokens are valid: true, expires at: 1763360649702
[debug] [2025-11-17T05:25:59.570Z] Checked if tokens are valid: true, expires at: 1763360649702
[debug] [2025-11-17T05:25:59.571Z] >>> [apiv2][query] GET https://firebase.googleapis.com/v1beta1/projects/gestion-de-practicas-9b116 [none]
[debug] [2025-11-17T05:26:00.028Z] <<< [apiv2][status] GET https://firebase.googleapis.com/v1beta1/projects/gestion-de-practicas-9b116 200
[debug] [2025-11-17T05:26:00.028Z] <<< [apiv2][body] GET https://firebase.googleapis.com/v1beta1/projects/gestion-de-practicas-9b116 {"projectId":"gestion-de-practicas-9b116","projectNumber":"1014685722476","displayName":"gestion de practicas","name":"projects/gestion-de-practicas-9b116","resources":{"hostingSite":"gestion-de-practicas-9b116"},"state":"ACTIVE","etag":"1_bfcfd7df-78be-4770-8de2-dca367e8a2a2"}
[info] 
[info] === Deploying to 'gestion-de-practicas-9b116'...
[info] 
[info] i  deploying hosting 
[debug] [2025-11-17T05:26:00.125Z] Checked if tokens are valid: true, expires at: 1763360649702
[debug] [2025-11-17T05:26:00.125Z] Checked if tokens are valid: true, expires at: 1763360649702
[debug] [2025-11-17T05:26:00.125Z] >>> [apiv2][query] POST https://firebasehosting.googleapis.com/v1beta1/projects/-/sites/gestion-de-practicas-9b116/versions [none]
[debug] [2025-11-17T05:26:00.125Z] >>> [apiv2][body] POST https://firebasehosting.googleapis.com/v1beta1/projects/-/sites/gestion-de-practicas-9b116/versions {"status":"CREATED","labels":{"deployment-tool":"cli-firebase"}}
[debug] [2025-11-17T05:26:01.679Z] <<< [apiv2][status] POST https://firebasehosting.googleapis.com/v1beta1/projects/-/sites/gestion-de-practicas-9b116/versions 200
[debug] [2025-11-17T05:26:01.679Z] <<< [apiv2][body] POST https://firebasehosting.googleapis.com/v1beta1/projects/-/sites/gestion-de-practicas-9b116/versions {"name":"projects/1014685722476/sites/gestion-de-practicas-9b116/versions/31717a96bf697fda","status":"CREATED","config":{},"labels":{"deployment-tool":"cli-firebase"}}
[info] i  hosting[gestion-de-practicas-9b116]: beginning deploy... 
[info] i  hosting[gestion-de-practicas-9b116]: found 132048 files in . 
[debug] [2025-11-17T05:33:43.074Z] [hosting] uploading with 200 concurrency
[debug] [2025-11-17T05:33:43.076Z] [hosting] hash cache [] not populated
[debug] [2025-11-17T05:41:38.189Z] ----------------------------------------------------------------------
[debug] [2025-11-17T05:41:38.193Z] Command:       C:\Program Files\nodejs\node.exe C:\Program Files\nodejs\node_modules\firebase-tools\lib\bin\firebase.js deploy --only hosting
[debug] [2025-11-17T05:41:38.194Z] CLI Version:   14.25.0
[debug] [2025-11-17T05:41:38.194Z] Platform:      win32
[debug] [2025-11-17T05:41:38.195Z] Node Version:  v20.19.0
[debug] [2025-11-17T05:41:38.195Z] Time:          Mon Nov 17 2025 00:41:38 GMT-0500 (hora est치ndar de Colombia)
[debug] [2025-11-17T05:41:38.195Z] ----------------------------------------------------------------------
[debug] 
[debug] [2025-11-17T05:41:38.619Z] > command requires scopes: ["email","openid","https://www.googleapis.com/auth/cloudplatformprojects.readonly","https://www.googleapis.com/auth/firebase","https://www.googleapis.com/auth/cloud-platform"]
[debug] [2025-11-17T05:41:38.620Z] > authorizing via signed-in user (kyepez403@gmail.com)
[debug] [2025-11-17T05:41:38.620Z] [iam] checking project gestion-de-practicas-9b116 for permissions ["firebase.projects.get","firebasehosting.sites.update"]
[debug] [2025-11-17T05:41:38.622Z] Checked if tokens are valid: true, expires at: 1763360649702
[debug] [2025-11-17T05:41:38.622Z] Checked if tokens are valid: true, expires at: 1763360649702
[debug] [2025-11-17T05:41:38.624Z] >>> [apiv2][query] POST https://cloudresourcemanager.googleapis.com/v1/projects/gestion-de-practicas-9b116:testIamPermissions [none]
[debug] [2025-11-17T05:41:38.624Z] >>> [apiv2][(partial)header] POST https://cloudresourcemanager.googleapis.com/v1/projects/gestion-de-practicas-9b116:testIamPermissions x-goog-quota-user=projects/gestion-de-practicas-9b116
[debug] [2025-11-17T05:41:38.625Z] >>> [apiv2][body] POST https://cloudresourcemanager.googleapis.com/v1/projects/gestion-de-practicas-9b116:testIamPermissions {"permissions":["firebase.projects.get","firebasehosting.sites.update"]}
[debug] [2025-11-17T05:41:39.253Z] <<< [apiv2][status] POST https://cloudresourcemanager.googleapis.com/v1/projects/gestion-de-practicas-9b116:testIamPermissions 200
[debug] [2025-11-17T05:41:39.254Z] <<< [apiv2][body] POST https://cloudresourcemanager.googleapis.com/v1/projects/gestion-de-practicas-9b116:testIamPermissions {"permissions":["firebase.projects.get","firebasehosting.sites.update"]}
[debug] [2025-11-17T05:41:39.254Z] Checked if tokens are valid: true, expires at: 1763360649702
[debug] [2025-11-17T05:41:39.255Z] Checked if tokens are valid: true, expires at: 1763360649702
[debug] [2025-11-17T05:41:39.255Z] >>> [apiv2][query] GET https://firebase.googleapis.com/v1beta1/projects/gestion-de-practicas-9b116 [none]
[debug] [2025-11-17T05:41:39.653Z] <<< [apiv2][status] GET https://firebase.googleapis.com/v1beta1/projects/gestion-de-practicas-9b116 200
[debug] [2025-11-17T05:41:39.653Z] <<< [apiv2][body] GET https://firebase.googleapis.com/v1beta1/projects/gestion-de-practicas-9b116 {"projectId":"gestion-de-practicas-9b116","projectNumber":"1014685722476","displayName":"gestion de practicas","name":"projects/gestion-de-practicas-9b116","resources":{"hostingSite":"gestion-de-practicas-9b116"},"state":"ACTIVE","etag":"1_bfcfd7df-78be-4770-8de2-dca367e8a2a2"}
[info] 
[info] === Deploying to 'gestion-de-practicas-9b116'...
[info] 
[info] i  deploying hosting 
[debug] [2025-11-17T05:41:39.666Z] Checked if tokens are valid: true, expires at: 1763360649702
[debug] [2025-11-17T05:41:39.666Z] Checked if tokens are valid: true, expires at: 1763360649702
[debug] [2025-11-17T05:41:39.667Z] >>> [apiv2][query] POST https://firebasehosting.googleapis.com/v1beta1/projects/-/sites/gestion-de-practicas-9b116/versions [none]
[debug] [2025-11-17T05:41:39.667Z] >>> [apiv2][body] POST https://firebasehosting.googleapis.com/v1beta1/projects/-/sites/gestion-de-practicas-9b116/versions {"status":"CREATED","labels":{"deployment-tool":"cli-firebase"}}
[debug] [2025-11-17T05:41:40.710Z] <<< [apiv2][status] POST https://firebasehosting.googleapis.com/v1beta1/projects/-/sites/gestion-de-practicas-9b116/versions 200
[debug] [2025-11-17T05:41:40.710Z] <<< [apiv2][body] POST https://firebasehosting.googleapis.com/v1beta1/projects/-/sites/gestion-de-practicas-9b116/versions {"name":"projects/1014685722476/sites/gestion-de-practicas-9b116/versions/a35382489f1d9de7","status":"CREATED","config":{},"labels":{"deployment-tool":"cli-firebase"}}
[info] i  hosting[gestion-de-practicas-9b116]: beginning deploy... 
[info] i  hosting[gestion-de-practicas-9b116]: found 132068 files in . 
[debug] [2025-11-17T05:42:24.445Z] [hosting] uploading with 200 concurrency
[debug] [2025-11-17T05:42:24.447Z] [hosting] hash cache [] not populated
[debug] [2025-11-17T05:42:24.547Z] Error: EBUSY: resource busy or locked, open 'C:\Users\yepez\ntuser.dat.LOG2'
[error] 
[error] Error: An unexpected error has occurred.
[debug] [2025-11-17T05:42:24.549Z] Error: EBUSY: resource busy or locked, open 'C:\Users\yepez\ntuser.dat.LOG1'
[error] 
[error] Error: An unexpected error has occurred.
[debug] [2025-11-17T05:42:24.551Z] Error: EBUSY: resource busy or locked, open 'C:\Users\yepez\NTUSER.DAT'
[error] 
[error] Error: An unexpected error has occurred.
[debug] [2025-11-17T05:46:20.693Z] ----------------------------------------------------------------------
[debug] [2025-11-17T05:46:20.701Z] Command:       C:\Program Files\nodejs\node.exe C:\Program Files\nodejs\node_modules\firebase-tools\lib\bin\firebase.js deploy --only hosting
[debug] [2025-11-17T05:46:20.702Z] CLI Version:   14.25.0
[debug] [2025-11-17T05:46:20.702Z] Platform:      win32
[debug] [2025-11-17T05:46:20.702Z] Node Version:  v20.19.0
[debug] [2025-11-17T05:46:20.702Z] Time:          Mon Nov 17 2025 00:46:20 GMT-0500 (hora est치ndar de Colombia)
[debug] [2025-11-17T05:46:20.703Z] ----------------------------------------------------------------------
[debug] 
[debug] [2025-11-17T05:46:21.166Z] > command requires scopes: ["email","openid","https://www.googleapis.com/auth/cloudplatformprojects.readonly","https://www.googleapis.com/auth/firebase","https://www.googleapis.com/auth/cloud-platform"]
[debug] [2025-11-17T05:46:21.167Z] > authorizing via signed-in user (kyepez403@gmail.com)
[debug] [2025-11-17T05:46:21.167Z] [iam] checking project gestion-de-practicas-9b116 for permissions ["firebase.projects.get","firebasehosting.sites.update"]
[debug] [2025-11-17T05:46:21.169Z] Checked if tokens are valid: true, expires at: 1763360649702
[debug] [2025-11-17T05:46:21.170Z] Checked if tokens are valid: true, expires at: 1763360649702
[debug] [2025-11-17T05:46:21.171Z] >>> [apiv2][query] POST https://cloudresourcemanager.googleapis.com/v1/projects/gestion-de-practicas-9b116:testIamPermissions [none]
[debug] [2025-11-17T05:46:21.172Z] >>> [apiv2][(partial)header] POST https://cloudresourcemanager.googleapis.com/v1/projects/gestion-de-practicas-9b116:testIamPermissions x-goog-quota-user=projects/gestion-de-practicas-9b116
[debug] [2025-11-17T05:46:21.172Z] >>> [apiv2][body] POST https://cloudresourcemanager.googleapis.com/v1/projects/gestion-de-practicas-9b116:testIamPermissions {"permissions":["firebase.projects.get","firebasehosting.sites.update"]}
[debug] [2025-11-17T05:46:21.815Z] <<< [apiv2][status] POST https://cloudresourcemanager.googleapis.com/v1/projects/gestion-de-practicas-9b116:testIamPermissions 200
[debug] [2025-11-17T05:46:21.815Z] <<< [apiv2][body] POST https://cloudresourcemanager.googleapis.com/v1/projects/gestion-de-practicas-9b116:testIamPermissions {"permissions":["firebase.projects.get","firebasehosting.sites.update"]}
[debug] [2025-11-17T05:46:21.817Z] Checked if tokens are valid: true, expires at: 1763360649702
[debug] [2025-11-17T05:46:21.817Z] Checked if tokens are valid: true, expires at: 1763360649702
[debug] [2025-11-17T05:46:21.818Z] >>> [apiv2][query] GET https://firebase.googleapis.com/v1beta1/projects/gestion-de-practicas-9b116 [none]
[debug] [2025-11-17T05:46:22.189Z] <<< [apiv2][status] GET https://firebase.googleapis.com/v1beta1/projects/gestion-de-practicas-9b116 200
[debug] [2025-11-17T05:46:22.190Z] <<< [apiv2][body] GET https://firebase.googleapis.com/v1beta1/projects/gestion-de-practicas-9b116 {"projectId":"gestion-de-practicas-9b116","projectNumber":"1014685722476","displayName":"gestion de practicas","name":"projects/gestion-de-practicas-9b116","resources":{"hostingSite":"gestion-de-practicas-9b116"},"state":"ACTIVE","etag":"1_bfcfd7df-78be-4770-8de2-dca367e8a2a2"}
[info] 
[info] === Deploying to 'gestion-de-practicas-9b116'...
[info] 
[info] i  deploying hosting 
[debug] [2025-11-17T05:46:22.200Z] Checked if tokens are valid: true, expires at: 1763360649702
[debug] [2025-11-17T05:46:22.201Z] Checked if tokens are valid: true, expires at: 1763360649702
[debug] [2025-11-17T05:46:22.201Z] >>> [apiv2][query] POST https://firebasehosting.googleapis.com/v1beta1/projects/-/sites/gestion-de-practicas-9b116/versions [none]
[debug] [2025-11-17T05:46:22.202Z] >>> [apiv2][body] POST https://firebasehosting.googleapis.com/v1beta1/projects/-/sites/gestion-de-practicas-9b116/versions {"status":"CREATED","labels":{"deployment-tool":"cli-firebase"}}
[debug] [2025-11-17T05:46:23.154Z] <<< [apiv2][status] POST https://firebasehosting.googleapis.com/v1beta1/projects/-/sites/gestion-de-practicas-9b116/versions 200
[debug] [2025-11-17T05:46:23.154Z] <<< [apiv2][body] POST https://firebasehosting.googleapis.com/v1beta1/projects/-/sites/gestion-de-practicas-9b116/versions {"name":"projects/1014685722476/sites/gestion-de-practicas-9b116/versions/b3a8eb80e599d4b4","status":"CREATED","config":{},"labels":{"deployment-tool":"cli-firebase"}}
[info] i  hosting[gestion-de-practicas-9b116]: beginning deploy... 
[info] i  hosting[gestion-de-practicas-9b116]: found 132081 files in . 
[debug] [2025-11-17T05:47:11.570Z] [hosting] uploading with 200 concurrency
[debug] [2025-11-17T05:47:11.571Z] [hosting] hash cache [] not populated
[debug] [2025-11-17T05:47:11.675Z] Error: EBUSY: resource busy or locked, open 'C:\Users\yepez\ntuser.dat.LOG2'
[error] 
[error] Error: An unexpected error has occurred.
[debug] [2025-11-17T05:47:11.677Z] Error: EBUSY: resource busy or locked, open 'C:\Users\yepez\NTUSER.DAT'
[error] 
[error] Error: An unexpected error has occurred.
[debug] [2025-11-17T05:47:11.679Z] Error: EBUSY: resource busy or locked, open 'C:\Users\yepez\ntuser.dat.LOG1'
[error] 
[error] Error: An unexpected error has occurred.
[debug] [2025-11-17T05:47:11.839Z] Error: EISDIR: illegal operation on a directory, read
[debug] [2025-11-17T05:50:50.316Z] ----------------------------------------------------------------------
[debug] [2025-11-17T05:50:50.320Z] Command:       C:\Program Files\nodejs\node.exe C:\Program Files\nodejs\node_modules\firebase-tools\lib\bin\firebase.js deploy --only hosting
[debug] [2025-11-17T05:50:50.321Z] CLI Version:   14.25.0
[debug] [2025-11-17T05:50:50.321Z] Platform:      win32
[debug] [2025-11-17T05:50:50.321Z] Node Version:  v20.19.0
[debug] [2025-11-17T05:50:50.322Z] Time:          Mon Nov 17 2025 00:50:50 GMT-0500 (hora est치ndar de Colombia)
[debug] [2025-11-17T05:50:50.322Z] ----------------------------------------------------------------------
[debug] 
[debug] [2025-11-17T05:50:50.890Z] > command requires scopes: ["email","openid","https://www.googleapis.com/auth/cloudplatformprojects.readonly","https://www.googleapis.com/auth/firebase","https://www.googleapis.com/auth/cloud-platform"]
[debug] [2025-11-17T05:50:50.891Z] > authorizing via signed-in user (kyepez403@gmail.com)
[debug] [2025-11-17T05:50:50.891Z] [iam] checking project gestion-de-practicas-9b116 for permissions ["firebase.projects.get","firebasehosting.sites.update"]
[debug] [2025-11-17T05:50:50.893Z] Checked if tokens are valid: true, expires at: 1763360649702
[debug] [2025-11-17T05:50:50.894Z] Checked if tokens are valid: true, expires at: 1763360649702
[debug] [2025-11-17T05:50:50.895Z] >>> [apiv2][query] POST https://cloudresourcemanager.googleapis.com/v1/projects/gestion-de-practicas-9b116:testIamPermissions [none]
[debug] [2025-11-17T05:50:50.896Z] >>> [apiv2][(partial)header] POST https://cloudresourcemanager.googleapis.com/v1/projects/gestion-de-practicas-9b116:testIamPermissions x-goog-quota-user=projects/gestion-de-practicas-9b116
[debug] [2025-11-17T05:50:50.896Z] >>> [apiv2][body] POST https://cloudresourcemanager.googleapis.com/v1/projects/gestion-de-practicas-9b116:testIamPermissions {"permissions":["firebase.projects.get","firebasehosting.sites.update"]}
[debug] [2025-11-17T05:50:51.575Z] <<< [apiv2][status] POST https://cloudresourcemanager.googleapis.com/v1/projects/gestion-de-practicas-9b116:testIamPermissions 200
[debug] [2025-11-17T05:50:51.576Z] <<< [apiv2][body] POST https://cloudresourcemanager.googleapis.com/v1/projects/gestion-de-practicas-9b116:testIamPermissions {"permissions":["firebase.projects.get","firebasehosting.sites.update"]}
[debug] [2025-11-17T05:50:51.577Z] Checked if tokens are valid: true, expires at: 1763360649702
[debug] [2025-11-17T05:50:51.577Z] Checked if tokens are valid: true, expires at: 1763360649702
[debug] [2025-11-17T05:50:51.577Z] >>> [apiv2][query] GET https://firebase.googleapis.com/v1beta1/projects/gestion-de-practicas-9b116 [none]
[debug] [2025-11-17T05:50:52.000Z] <<< [apiv2][status] GET https://firebase.googleapis.com/v1beta1/projects/gestion-de-practicas-9b116 200
[debug] [2025-11-17T05:50:52.001Z] <<< [apiv2][body] GET https://firebase.googleapis.com/v1beta1/projects/gestion-de-practicas-9b116 {"projectId":"gestion-de-practicas-9b116","projectNumber":"1014685722476","displayName":"gestion de practicas","name":"projects/gestion-de-practicas-9b116","resources":{"hostingSite":"gestion-de-practicas-9b116"},"state":"ACTIVE","etag":"1_bfcfd7df-78be-4770-8de2-dca367e8a2a2"}
[info] 
[info] === Deploying to 'gestion-de-practicas-9b116'...
[info] 
[info] i  deploying hosting 
[debug] [2025-11-17T05:50:52.041Z] Checked if tokens are valid: true, expires at: 1763360649702
[debug] [2025-11-17T05:50:52.042Z] Checked if tokens are valid: true, expires at: 1763360649702
[debug] [2025-11-17T05:50:52.042Z] >>> [apiv2][query] POST https://firebasehosting.googleapis.com/v1beta1/projects/-/sites/gestion-de-practicas-9b116/versions [none]
[debug] [2025-11-17T05:50:52.042Z] >>> [apiv2][body] POST https://firebasehosting.googleapis.com/v1beta1/projects/-/sites/gestion-de-practicas-9b116/versions {"status":"CREATED","labels":{"deployment-tool":"cli-firebase"}}
[debug] [2025-11-17T05:50:53.099Z] <<< [apiv2][status] POST https://firebasehosting.googleapis.com/v1beta1/projects/-/sites/gestion-de-practicas-9b116/versions 200
[debug] [2025-11-17T05:50:53.099Z] <<< [apiv2][body] POST https://firebasehosting.googleapis.com/v1beta1/projects/-/sites/gestion-de-practicas-9b116/versions {"name":"projects/1014685722476/sites/gestion-de-practicas-9b116/versions/a49fa896b486a029","status":"CREATED","config":{},"labels":{"deployment-tool":"cli-firebase"}}
[info] i  hosting[gestion-de-practicas-9b116]: beginning deploy... 
[info] i  hosting[gestion-de-practicas-9b116]: found 131977 files in . 
[debug] [2025-11-17T05:52:14.526Z] [hosting] uploading with 200 concurrency
[debug] [2025-11-17T05:52:14.528Z] [hosting] hash cache [] not populated
[debug] [2025-11-17T05:52:14.652Z] Error: EBUSY: resource busy or locked, open 'C:\Users\yepez\ntuser.dat.LOG2'
[error] 
[error] Error: An unexpected error has occurred.
[debug] [2025-11-17T05:52:14.654Z] Error: EBUSY: resource busy or locked, open 'C:\Users\yepez\ntuser.dat.LOG1'
[error] 
[error] Error: An unexpected error has occurred.
[debug] [2025-11-17T05:52:14.656Z] Error: EBUSY: resource busy or locked, open 'C:\Users\yepez\NTUSER.DAT'
[error] 
[error] Error: An unexpected error has occurred.
[debug] [2025-11-17T05:52:14.691Z] Error: EISDIR: illegal operation on a directory, read
[error] 
[error] Error: An unexpected error has occurred.
